<?xml version="1.0" encoding="UTF-8"?>
<!-- Generated by org.testng.reporters.JUnitReportReporter -->
<testsuite hostname="PRASHANTA" failures="0" tests="4" name="maven.Maven_Test" time="0.013" errors="0" timestamp="2025-07-06T10:41:24 IST" skipped="0">
  <testcase classname="maven.Maven_Test" name="demo_Test" time="0.002">
    <system-out>
      <![CDATA[Hi]]>
    </system-out>
  </testcase> <!-- demo_Test -->
  <testcase classname="maven.Maven_Test" name="delete_Test" time="0.000">
    <system-out>
      <![CDATA[Deleted]]>
    </system-out>
  </testcase> <!-- delete_Test -->
  <testcase classname="maven.Maven_Test" name="modify_Test" time="0.002">
    <system-out>
      <![CDATA[Modified]]>
    </system-out>
  </testcase> <!-- modify_Test -->
  <testcase classname="maven.Maven_Test" name="create_Test" time="0.009">
    <system-out>
      <![CDATA[Good Morning]]>
    </system-out>
  </testcase> <!-- create_Test -->
  <system-out>
    <![CDATA[Good Morning
Deleted
Hi
Modified]]>
  </system-out>
</testsuite> <!-- maven.Maven_Test -->
