<?xml version="1.0" encoding="UTF-8"?>
<!-- Generated by org.testng.reporters.JUnitReportReporter -->
<testsuite hostname="PRASHANTA" failures="0" tests="1" name="com.rocstar.FirstTest" time="5.630" errors="0" timestamp="2025-07-08T12:36:09 IST" skipped="0">
  <testcase classname="com.rocstar.FirstTest" name="First_TestCase" time="5.630">
    <system-out>
      <![CDATA[First Rocstar Automated Test Case]]>
    </system-out>
  </testcase> <!-- First_TestCase -->
  <system-out>
    <![CDATA[Establish the DB connectivity
Pre-condition
Launching the browser
Login action started
Login successful
First Rocstar Automated Test Case
LogOut action started
Logged out successfully
Browser closed
Post-condition
Disconnect DB]]>
  </system-out>
</testsuite> <!-- com.rocstar.FirstTest -->
